<?xml version="1.0" encoding="UTF-8"?>
<testsuite xmlns:xsi="http://www.w3.org/2001/XMLSchema-instance" xsi:noNamespaceSchemaLocation="https://maven.apache.org/surefire/maven-surefire-plugin/xsd/surefire-test-report.xsd" name="com.kr.tests.testCaluclator" time="0.034" tests="4" errors="0" skipped="0" failures="0">
  <properties>
    <property name="sun.desktop" value="windows"/>
    <property name="awt.toolkit" value="sun.awt.windows.WToolkit"/>
    <property name="file.encoding.pkg" value="sun.io"/>
    <property name="java.specification.version" value="1.8"/>
    <property name="sun.cpu.isalist" value="amd64"/>
    <property name="sun.jnu.encoding" value="Cp1252"/>
    <property name="java.class.path" value="C:\teamcity\target\test-classes;C:\teamcity\target\classes;C:\Users\ayush.bhardwaj\.m2\repository\junit\junit\4.4\junit-4.4.jar;C:\Users\ayush.bhardwaj\.m2\repository\org\junit\jupiter\junit-jupiter\5.8.2\junit-jupiter-5.8.2.jar;C:\Users\ayush.bhardwaj\.m2\repository\org\junit\jupiter\junit-jupiter-api\5.8.2\junit-jupiter-api-5.8.2.jar;C:\Users\ayush.bhardwaj\.m2\repository\org\opentest4j\opentest4j\1.2.0\opentest4j-1.2.0.jar;C:\Users\ayush.bhardwaj\.m2\repository\org\junit\platform\junit-platform-commons\1.8.2\junit-platform-commons-1.8.2.jar;C:\Users\ayush.bhardwaj\.m2\repository\org\apiguardian\apiguardian-api\1.1.2\apiguardian-api-1.1.2.jar;C:\Users\ayush.bhardwaj\.m2\repository\org\junit\jupiter\junit-jupiter-params\5.8.2\junit-jupiter-params-5.8.2.jar;C:\Users\ayush.bhardwaj\.m2\repository\org\junit\jupiter\junit-jupiter-engine\5.8.2\junit-jupiter-engine-5.8.2.jar;C:\Users\ayush.bhardwaj\.m2\repository\org\junit\platform\junit-platform-engine\1.8.2\junit-platform-engine-1.8.2.jar;"/>
    <property name="java.vm.vendor" value="Azul Systems, Inc."/>
    <property name="sun.arch.data.model" value="64"/>
    <property name="user.variant" value=""/>
    <property name="java.vendor.url" value="http://www.azulsystems.com/"/>
    <property name="user.timezone" value="Asia/Calcutta"/>
    <property name="java.vm.specification.version" value="1.8"/>
    <property name="os.name" value="Windows 10"/>
    <property name="user.country" value="US"/>
    <property name="sun.java.launcher" value="SUN_STANDARD"/>
    <property name="sun.boot.library.path" value="C:\zulu8.15.0.1-jdk8.0.92-win_x64\jre\bin"/>
    <property name="sun.java.command" value="C:\Users\AYUSH~1.BHA\AppData\Local\Temp\surefire8383685942806356800\surefirebooter7602891287588551611.jar C:\Users\ayush.bhardwaj\AppData\Local\Temp\surefire8383685942806356800 2023-06-14T13-13-22_726-jvmRun1 surefire7643487266515349436tmp surefire_03280684540651966590tmp"/>
    <property name="test" value="testCaluclator"/>
    <property name="surefire.test.class.path" value="C:\teamcity\target\test-classes;C:\teamcity\target\classes;C:\Users\ayush.bhardwaj\.m2\repository\junit\junit\4.4\junit-4.4.jar;C:\Users\ayush.bhardwaj\.m2\repository\org\junit\jupiter\junit-jupiter\5.8.2\junit-jupiter-5.8.2.jar;C:\Users\ayush.bhardwaj\.m2\repository\org\junit\jupiter\junit-jupiter-api\5.8.2\junit-jupiter-api-5.8.2.jar;C:\Users\ayush.bhardwaj\.m2\repository\org\opentest4j\opentest4j\1.2.0\opentest4j-1.2.0.jar;C:\Users\ayush.bhardwaj\.m2\repository\org\junit\platform\junit-platform-commons\1.8.2\junit-platform-commons-1.8.2.jar;C:\Users\ayush.bhardwaj\.m2\repository\org\apiguardian\apiguardian-api\1.1.2\apiguardian-api-1.1.2.jar;C:\Users\ayush.bhardwaj\.m2\repository\org\junit\jupiter\junit-jupiter-params\5.8.2\junit-jupiter-params-5.8.2.jar;C:\Users\ayush.bhardwaj\.m2\repository\org\junit\jupiter\junit-jupiter-engine\5.8.2\junit-jupiter-engine-5.8.2.jar;C:\Users\ayush.bhardwaj\.m2\repository\org\junit\platform\junit-platform-engine\1.8.2\junit-platform-engine-1.8.2.jar;"/>
    <property name="sun.cpu.endian" value="little"/>
    <property name="user.home" value="C:\Users\ayush.bhardwaj"/>
    <property name="user.language" value="en"/>
    <property name="java.specification.vendor" value="Oracle Corporation"/>
    <property name="java.home" value="C:\zulu8.15.0.1-jdk8.0.92-win_x64\jre"/>
    <property name="basedir" value="C:\teamcity"/>
    <property name="file.separator" value="\"/>
    <property name="line.separator" value="&#10;"/>
    <property name="java.vm.specification.vendor" value="Oracle Corporation"/>
    <property name="java.specification.name" value="Java Platform API Specification"/>
    <property name="java.awt.graphicsenv" value="sun.awt.Win32GraphicsEnvironment"/>
    <property name="surefire.real.class.path" value="C:\Users\AYUSH~1.BHA\AppData\Local\Temp\surefire8383685942806356800\surefirebooter7602891287588551611.jar"/>
    <property name="log4j.formatMsgNoLookups" value="true"/>
    <property name="sun.boot.class.path" value="C:\zulu8.15.0.1-jdk8.0.92-win_x64\jre\lib\resources.jar;C:\zulu8.15.0.1-jdk8.0.92-win_x64\jre\lib\rt.jar;C:\zulu8.15.0.1-jdk8.0.92-win_x64\jre\lib\sunrsasign.jar;C:\zulu8.15.0.1-jdk8.0.92-win_x64\jre\lib\jsse.jar;C:\zulu8.15.0.1-jdk8.0.92-win_x64\jre\lib\jce.jar;C:\zulu8.15.0.1-jdk8.0.92-win_x64\jre\lib\charsets.jar;C:\zulu8.15.0.1-jdk8.0.92-win_x64\jre\lib\jfr.jar;C:\zulu8.15.0.1-jdk8.0.92-win_x64\jre\classes"/>
    <property name="user.script" value=""/>
    <property name="sun.management.compiler" value="HotSpot 64-Bit Tiered Compilers"/>
    <property name="java.runtime.version" value="1.8.0_92-b15"/>
    <property name="user.name" value="ayush.bhardwaj"/>
    <property name="path.separator" value=";"/>
    <property name="os.version" value="10.0"/>
    <property name="java.endorsed.dirs" value="C:\zulu8.15.0.1-jdk8.0.92-win_x64\jre\lib\endorsed"/>
    <property name="java.runtime.name" value="OpenJDK Runtime Environment"/>
    <property name="file.encoding" value="Cp1252"/>
    <property name="java.vm.name" value="OpenJDK 64-Bit Server VM"/>
    <property name="localRepository" value="C:\Users\ayush.bhardwaj\.m2\repository"/>
    <property name="java.vendor.url.bug" value="http://www.azulsystems.com/support/"/>
    <property name="java.io.tmpdir" value="C:\Users\AYUSH~1.BHA\AppData\Local\Temp\"/>
    <property name="java.version" value="1.8.0_92"/>
    <property name="user.dir" value="C:\teamcity"/>
    <property name="os.arch" value="amd64"/>
    <property name="java.vm.specification.name" value="Java Virtual Machine Specification"/>
    <property name="java.awt.printerjob" value="sun.awt.windows.WPrinterJob"/>
    <property name="sun.os.patch.level" value=""/>
    <property name="java.library.path" value="C:\zulu8.15.0.1-jdk8.0.92-win_x64\jre\bin;C:\windows\Sun\Java\bin;C:\windows\system32;C:\windows;C:\windows\system32;C:\windows;C:\windows\System32\Wbem;C:\windows\System32\WindowsPowerShell\v1.0\;C:\windows\System32\OpenSSH\;C:\Program Files\Dell\Dell Data Protection\Encryption\;C:\Program Files\Docker\Docker\resources\bin;C:\ProgramData\DockerDesktop\version-bin;C:\Program Files\Microsoft SQL Server\Client SDK\ODBC\170\Tools\Binn\;C:\Program Files (x86)\Microsoft SQL Server\150\Tools\Binn\;C:\Program Files\Microsoft SQL Server\150\Tools\Binn\;C:\Program Files\Microsoft SQL Server\150\DTS\Binn\;C:\Program Files (x86)\Microsoft SQL Server\150\DTS\Binn\;C:\Program Files\Azure Data Studio\bin;C:\Users\ayush.bhardwaj\AppData\Local\Programs\Python\Python310;C:\Users\ayush.bhardwaj\AppData\Local\Programs\Python\Python310\Scripts;C:\Program Files\PuTTY\;C:\zulu8.15.0.1-jdk8.0.92-win_x64\bin;;C:\WinMerge;C:\Users\ayush.bhardwaj\AppData\Local\Programs\Python\Python311\Scripts\;C:\Users\ayush.bhardwaj\AppData\Local\Programs\Python\Python311\;C:\Users\ayush.bhardwaj\AppData\Local\Programs\Python\Launcher\;C:\Users\ayush.bhardwaj\AppData\Local\Programs\Python\Python310\Scripts\;C:\Users\ayush.bhardwaj\AppData\Local\Programs\Python\Python310\;C:\Users\ayush.bhardwaj\AppData\Local\Programs\Python\Python37-32\Scripts\;C:\Users\ayush.bhardwaj\AppData\Local\Programs\Python\Python37-32\;C:\Users\ayush.bhardwaj\AppData\Local\Microsoft\WindowsApps;C:\Users\ayush.bhardwaj\AppData\Local\Programs\Git\cmd;C:\zulu\zulu8.15.0.1-jdk8.0.92-win_x64\zulu8.15.0.1-jdk8.0.92-win_x64\bin;C:\Users\ayush.bhardwaj\AppData\Local\Google\Cloud SDK\google-cloud-sdk\bin;C:\Users\ayush.bhardwaj\AppData\Local\Android\Sdk\tools;C:\Users\ayush.bhardwaj\AppData\Local\Android\Sdk\tools\bin;C:\Users\ayush.bhardwaj\AppData\Local\Android\Sdk\platform-tools;C:\kubectx_v0.9.4_windows_x86_64;C:\kubens_v0.9.4_windows_x86_64;C:\node-v16.15.1-win-x64\node-v16.15.1-win-x64;C:\docker-20.10.9\docker;C:\Users\ayush.bhardwaj\AppData\Local\Programs\Microsoft VS Code\bin;C:\Program Files\Azure Data Studio\bin;C:\apache-maven-3.8.6\bin;C:\Users\ayush.bhardwaj\AppData\Local\Programs\Python\Python310\lib\;C:\Users\ayush.bhardwaj\AppData\Local\Programs\Python\Python310\Scripts;C:\Users\ayush.bhardwaj\AppData\Roaming\Python\Python310\site-packages\launchable;C:\Users\ayush.bhardwaj\AppData\Roaming\Python\Python310\site-packages\;C:\Users\ayush.bhardwaj\AppData\Roaming\Python\Python310\Scripts\;C:\strat\strat-windows-amd64-0.990.0;;."/>
    <property name="java.vm.info" value="mixed mode"/>
    <property name="java.vendor" value="Azul Systems, Inc."/>
    <property name="java.vm.version" value="25.92-b15"/>
    <property name="java.ext.dirs" value="C:\zulu8.15.0.1-jdk8.0.92-win_x64\jre\lib\ext;C:\windows\Sun\Java\lib\ext"/>
    <property name="sun.io.unicode.encoding" value="UnicodeLittle"/>
    <property name="java.class.version" value="52.0"/>
  </properties>
  <testcase name="testAdd" classname="com.kr.tests.testCaluclator" time="0.022"/>
  <testcase name="testSubtract" classname="com.kr.tests.testCaluclator" time="0"/>
  <testcase name="validateCOncatenate" classname="com.kr.tests.testCaluclator" time="0"/>
  <testcase name="testMultiply" classname="com.kr.tests.testCaluclator" time="0.001"/>
</testsuite>